
----------------------------------------------------------------------------
  cuda:
----------------------------------------------------------------------------
     Versions:
        cuda/10.2
        cuda/11.0
        cuda/11.2
        cuda/11.3
        cuda/11.4
        cuda/11.5
        cuda/11.6
        cuda/11.7
        cuda/11.8
        cuda/12.0

----------------------------------------------------------------------------
  For detailed information about a specific "cuda" package (including how to load the modules) use the module's full name.
  Note that names that have a trailing (E) are extensions provided by other modules.
  For example:

     $ module spider cuda/12.0
----------------------------------------------------------------------------

 


CommandNotFoundError: Your shell has not been properly configured to use 'conda activate'.
To initialize your shell, run

    $ conda init <SHELL_NAME>

Currently supported shells are:
  - bash
  - fish
  - tcsh
  - xonsh
  - zsh
  - powershell

See 'conda init --help' for more information and options.

IMPORTANT: You may need to close and restart your shell after running 'conda init'.


/home/karimimonsefi.1/miniconda3/lib/python3.9/site-packages/mmcv/__init__.py:20: UserWarning: On January 1, 2023, MMCV will release v2.0.0, in which it will remove components related to the training process and add a data transformation module. In addition, it will rename the package names mmcv to mmcv-lite and mmcv-full to mmcv. See https://github.com/open-mmlab/mmcv/blob/master/docs/en/compatibility.md for more details.
  warnings.warn(
/home/karimimonsefi.1/SSL_VAN/pretrain/main.py:109: UserWarning: Found total gpus 2
  warnings.warn("Found total gpus {}".format(args.ngpus_per_node))
/home/karimimonsefi.1/miniconda3/lib/python3.9/site-packages/mmcv/__init__.py:20: UserWarning: On January 1, 2023, MMCV will release v2.0.0, in which it will remove components related to the training process and add a data transformation module. In addition, it will rename the package names mmcv to mmcv-lite and mmcv-full to mmcv. See https://github.com/open-mmlab/mmcv/blob/master/docs/en/compatibility.md for more details.
  warnings.warn(
/home/karimimonsefi.1/miniconda3/lib/python3.9/site-packages/mmcv/__init__.py:20: UserWarning: On January 1, 2023, MMCV will release v2.0.0, in which it will remove components related to the training process and add a data transformation module. In addition, it will rename the package names mmcv to mmcv-lite and mmcv-full to mmcv. See https://github.com/open-mmlab/mmcv/blob/master/docs/en/compatibility.md for more details.
  warnings.warn(
/home/karimimonsefi.1/SSL_VAN/pretrain/main.py:136: UserWarning: 1 gpu 1
  warnings.warn(f"{args.rank} gpu {args.gpu}")
/home/karimimonsefi.1/SSL_VAN/pretrain/main.py:136: UserWarning: 0 gpu 0
  warnings.warn(f"{args.rank} gpu {args.gpu}")
/home/karimimonsefi.1/SSL_VAN/pretrain/main.py:138: UserWarning: Batch size is: 4 epochs 15000
  warnings.warn(f"Batch size is: {args.batch_size} epochs {args.max_epochs}")
/home/karimimonsefi.1/SSL_VAN/pretrain/main.py:145: UserWarning: Total parameters count 36285642
  warnings.warn(f"Total parameters count {pytorch_total_params}")
/home/karimimonsefi.1/SSL_VAN/pretrain/main.py:148: UserWarning: Total args.checkpoint True
  warnings.warn(f"Total args.checkpoint {args.checkpoint}")
/home/karimimonsefi.1/SSL_VAN/pretrain/main.py:157: UserWarning:  Best url model is pre_train_64-128-256-512_3-4-6-3_8-8-4-4_vae_inferer_valid_loader_PREVANV4__best.pt, final model url is pre_train_64-128-256-512_3-4-6-3_8-8-4-4_vae_inferer_valid_loader_PREVANV4__final.pt
  warnings.warn(f" Best url model is {args.best_model_url}, final model url is {args.final_model_url}")
/home/karimimonsefi.1/SSL_VAN/pretrain/main.py:145: UserWarning: Total parameters count 36285642
  warnings.warn(f"Total parameters count {pytorch_total_params}")
/home/karimimonsefi.1/SSL_VAN/pretrain/main.py:148: UserWarning: Total args.checkpoint True
  warnings.warn(f"Total args.checkpoint {args.checkpoint}")
/home/karimimonsefi.1/SSL_VAN/pretrain/main.py:157: UserWarning:  Best url model is pre_train_64-128-256-512_3-4-6-3_8-8-4-4_vae_inferer_valid_loader_PREVANV4__best.pt, final model url is pre_train_64-128-256-512_3-4-6-3_8-8-4-4_vae_inferer_valid_loader_PREVANV4__final.pt
  warnings.warn(f" Best url model is {args.best_model_url}, final model url is {args.final_model_url}")
/home/karimimonsefi.1/SSL_VAN/pretrain/training.py:109: UserWarning: Writing Tensorboard logs to ./runs/pre_train_1/test_log
  warnings.warn(f"Writing Tensorboard logs to {args.logdir}")
/home/karimimonsefi.1/SSL_VAN/pretrain/training.py:119: UserWarning: 0  Sat Jun 10 14:43:24 2023  Epoch: 0
  warnings.warn(f"{args.rank}  {time.ctime()}  Epoch: {epoch}")
/home/karimimonsefi.1/SSL_VAN/pretrain/training.py:119: UserWarning: 1  Sat Jun 10 14:43:24 2023  Epoch: 0
  warnings.warn(f"{args.rank}  {time.ctime()}  Epoch: {epoch}")
Dataset 1 LUNA16: OK number of data: 842
Dataset 2 Covid 19: OK number of data: 722
Dataset 3 HNSCC: OK number of data: 954
Dataset 4 TCIA Colon: OK number of data: 1532
Dataset 5 TCIA LIDC: OK number of data: 450
Dataset all training: number of data: 4500
loader is ready
Dataset 1 LUNA16: OK number of data: 842
Dataset 2 Covid 19: OK number of data: 722
Dataset 3 HNSCC: OK number of data: 954
Dataset 4 TCIA Colon: OK number of data: 1532
Dataset 5 TCIA LIDC: OK number of data: 450
Dataset all training: number of data: 4500
loader is ready
/home/karimimonsefi.1/miniconda3/lib/python3.9/site-packages/monai/transforms/spatial/array.py:550: UserWarning: axcodes ('RAS') length is smaller than the number of input spatial dimensions D=2.
Orientation: input spatial shape is (512, 512), num. channels is 180,please make sure the input is in the channel-first format.
  warnings.warn(
/home/karimimonsefi.1/miniconda3/lib/python3.9/site-packages/monai/transforms/spatial/array.py:550: UserWarning: axcodes ('RAS') length is smaller than the number of input spatial dimensions D=2.
Orientation: input spatial shape is (512, 512), num. channels is 220,please make sure the input is in the channel-first format.
  warnings.warn(
/home/karimimonsefi.1/miniconda3/lib/python3.9/site-packages/monai/transforms/spatial/array.py:550: UserWarning: axcodes ('RAS') length is smaller than the number of input spatial dimensions D=2.
Orientation: input spatial shape is (512, 512), num. channels is 476,please make sure the input is in the channel-first format.
  warnings.warn(
/home/karimimonsefi.1/miniconda3/lib/python3.9/site-packages/monai/transforms/spatial/array.py:550: UserWarning: axcodes ('RAS') length is smaller than the number of input spatial dimensions D=2.
Orientation: input spatial shape is (512, 512), num. channels is 140,please make sure the input is in the channel-first format.
  warnings.warn(
/home/karimimonsefi.1/miniconda3/lib/python3.9/site-packages/monai/transforms/spatial/array.py:550: UserWarning: axcodes ('RAS') length is smaller than the number of input spatial dimensions D=2.
Orientation: input spatial shape is (512, 512), num. channels is 139,please make sure the input is in the channel-first format.
  warnings.warn(
/home/karimimonsefi.1/miniconda3/lib/python3.9/site-packages/monai/transforms/spatial/array.py:550: UserWarning: axcodes ('RAS') length is smaller than the number of input spatial dimensions D=2.
Orientation: input spatial shape is (512, 512), num. channels is 501,please make sure the input is in the channel-first format.
  warnings.warn(
/home/karimimonsefi.1/miniconda3/lib/python3.9/site-packages/monai/transforms/spatial/array.py:550: UserWarning: axcodes ('RAS') length is smaller than the number of input spatial dimensions D=2.
Orientation: input spatial shape is (512, 512), num. channels is 163,please make sure the input is in the channel-first format.
  warnings.warn(
/home/karimimonsefi.1/miniconda3/lib/python3.9/site-packages/monai/transforms/spatial/array.py:550: UserWarning: axcodes ('RAS') length is smaller than the number of input spatial dimensions D=2.
Orientation: input spatial shape is (512, 512), num. channels is 591,please make sure the input is in the channel-first format.
  warnings.warn(
/home/karimimonsefi.1/miniconda3/lib/python3.9/site-packages/monai/transforms/spatial/array.py:550: UserWarning: axcodes ('RAS') length is smaller than the number of input spatial dimensions D=2.
Orientation: input spatial shape is (512, 512), num. channels is 548,please make sure the input is in the channel-first format.
  warnings.warn(
/home/karimimonsefi.1/miniconda3/lib/python3.9/site-packages/monai/transforms/spatial/array.py:550: UserWarning: axcodes ('RAS') length is smaller than the number of input spatial dimensions D=2.
Orientation: input spatial shape is (512, 512), num. channels is 248,please make sure the input is in the channel-first format.
  warnings.warn(
/home/karimimonsefi.1/miniconda3/lib/python3.9/site-packages/monai/transforms/spatial/array.py:550: UserWarning: axcodes ('RAS') length is smaller than the number of input spatial dimensions D=2.
Orientation: input spatial shape is (512, 512), num. channels is 257,please make sure the input is in the channel-first format.
  warnings.warn(
/home/karimimonsefi.1/miniconda3/lib/python3.9/site-packages/monai/transforms/spatial/array.py:550: UserWarning: axcodes ('RAS') length is smaller than the number of input spatial dimensions D=2.
Orientation: input spatial shape is (512, 512), num. channels is 315,please make sure the input is in the channel-first format.
  warnings.warn(
/home/karimimonsefi.1/miniconda3/lib/python3.9/site-packages/monai/transforms/spatial/array.py:550: UserWarning: axcodes ('RAS') length is smaller than the number of input spatial dimensions D=2.
Orientation: input spatial shape is (512, 66), num. channels is 512,please make sure the input is in the channel-first format.
  warnings.warn(
/home/karimimonsefi.1/miniconda3/lib/python3.9/site-packages/monai/transforms/spatial/array.py:550: UserWarning: axcodes ('RAS') length is smaller than the number of input spatial dimensions D=2.
Orientation: input spatial shape is (512, 512), num. channels is 114,please make sure the input is in the channel-first format.
  warnings.warn(
/home/karimimonsefi.1/miniconda3/lib/python3.9/site-packages/monai/transforms/spatial/array.py:550: UserWarning: axcodes ('RAS') length is smaller than the number of input spatial dimensions D=2.
Orientation: input spatial shape is (512, 512), num. channels is 117,please make sure the input is in the channel-first format.
  warnings.warn(
/home/karimimonsefi.1/miniconda3/lib/python3.9/site-packages/monai/transforms/spatial/array.py:550: UserWarning: axcodes ('RAS') length is smaller than the number of input spatial dimensions D=2.
Orientation: input spatial shape is (512, 512), num. channels is 146,please make sure the input is in the channel-first format.
  warnings.warn(
/home/karimimonsefi.1/miniconda3/lib/python3.9/site-packages/monai/transforms/spatial/array.py:550: UserWarning: axcodes ('RAS') length is smaller than the number of input spatial dimensions D=2.
Orientation: input spatial shape is (512, 512), num. channels is 158,please make sure the input is in the channel-first format.
  warnings.warn(
/home/karimimonsefi.1/miniconda3/lib/python3.9/site-packages/monai/transforms/spatial/array.py:550: UserWarning: axcodes ('RAS') length is smaller than the number of input spatial dimensions D=2.
Orientation: input spatial shape is (512, 512), num. channels is 351,please make sure the input is in the channel-first format.
  warnings.warn(
/home/karimimonsefi.1/miniconda3/lib/python3.9/site-packages/monai/transforms/spatial/array.py:550: UserWarning: axcodes ('RAS') length is smaller than the number of input spatial dimensions D=2.
Orientation: input spatial shape is (512, 57), num. channels is 512,please make sure the input is in the channel-first format.
  warnings.warn(
/home/karimimonsefi.1/miniconda3/lib/python3.9/site-packages/monai/transforms/spatial/array.py:550: UserWarning: axcodes ('RAS') length is smaller than the number of input spatial dimensions D=2.
Orientation: input spatial shape is (512, 512), num. channels is 622,please make sure the input is in the channel-first format.
  warnings.warn(
/home/karimimonsefi.1/miniconda3/lib/python3.9/site-packages/monai/transforms/spatial/array.py:550: UserWarning: axcodes ('RAS') length is smaller than the number of input spatial dimensions D=2.
Orientation: input spatial shape is (512, 512), num. channels is 590,please make sure the input is in the channel-first format.
  warnings.warn(
Traceback (most recent call last):
  File "/home/karimimonsefi.1/SSL_VAN/pretrain/main.py", line 215, in <module>
    main()
  File "/home/karimimonsefi.1/SSL_VAN/pretrain/main.py", line 111, in main
    mp.spawn(main_worker, nprocs=args.ngpus_per_node, args=(args,))
  File "/home/karimimonsefi.1/miniconda3/lib/python3.9/site-packages/torch/multiprocessing/spawn.py", line 240, in spawn
    return start_processes(fn, args, nprocs, join, daemon, start_method='spawn')
  File "/home/karimimonsefi.1/miniconda3/lib/python3.9/site-packages/torch/multiprocessing/spawn.py", line 198, in start_processes
    while not context.join():
  File "/home/karimimonsefi.1/miniconda3/lib/python3.9/site-packages/torch/multiprocessing/spawn.py", line 160, in join
    raise ProcessRaisedException(msg, error_index, failed_process.pid)
torch.multiprocessing.spawn.ProcessRaisedException: 

-- Process 0 terminated with the following error:
Traceback (most recent call last):
  File "/home/karimimonsefi.1/miniconda3/lib/python3.9/site-packages/torch/multiprocessing/spawn.py", line 69, in _wrap
    fn(i, *args)
  File "/home/karimimonsefi.1/SSL_VAN/pretrain/main.py", line 197, in main_worker
    loss_value = run_training(
  File "/home/karimimonsefi.1/SSL_VAN/pretrain/training.py", line 121, in run_training
    train_loss = train_epoch(
  File "/home/karimimonsefi.1/SSL_VAN/pretrain/training.py", line 39, in train_epoch
    for idx, batch_data in enumerate(loader):
  File "/home/karimimonsefi.1/miniconda3/lib/python3.9/site-packages/torch/utils/data/dataloader.py", line 628, in __next__
    data = self._next_data()
  File "/home/karimimonsefi.1/miniconda3/lib/python3.9/site-packages/torch/utils/data/dataloader.py", line 1333, in _next_data
    return self._process_data(data)
  File "/home/karimimonsefi.1/miniconda3/lib/python3.9/site-packages/torch/utils/data/dataloader.py", line 1359, in _process_data
    data.reraise()
  File "/home/karimimonsefi.1/miniconda3/lib/python3.9/site-packages/torch/_utils.py", line 543, in reraise
    raise exception
RuntimeError: Caught RuntimeError in DataLoader worker process 0.
Original Traceback (most recent call last):
  File "/home/karimimonsefi.1/miniconda3/lib/python3.9/site-packages/monai/transforms/transform.py", line 89, in apply_transform
    return _apply_transform(transform, data, unpack_items)
  File "/home/karimimonsefi.1/miniconda3/lib/python3.9/site-packages/monai/transforms/transform.py", line 53, in _apply_transform
    return transform(parameters)
  File "/home/karimimonsefi.1/miniconda3/lib/python3.9/site-packages/monai/transforms/croppad/dictionary.py", line 158, in __call__
    d[key] = self.padder(d[key], mode=m)
  File "/home/karimimonsefi.1/miniconda3/lib/python3.9/site-packages/monai/transforms/croppad/array.py", line 202, in __call__
    data_pad_width = self._determine_data_pad_width(img.shape[1:])
  File "/home/karimimonsefi.1/miniconda3/lib/python3.9/site-packages/monai/transforms/croppad/array.py", line 178, in _determine_data_pad_width
    spatial_size = fall_back_tuple(self.spatial_size, data_shape)
  File "/home/karimimonsefi.1/miniconda3/lib/python3.9/site-packages/monai/utils/misc.py", line 197, in fall_back_tuple
    user = ensure_tuple_rep(user_provided, ndim)
  File "/home/karimimonsefi.1/miniconda3/lib/python3.9/site-packages/monai/utils/misc.py", line 154, in ensure_tuple_rep
    raise ValueError(f"Sequence must have length {dim}, got {len(tup)}.")
ValueError: Sequence must have length 2, got 3.

The above exception was the direct cause of the following exception:

Traceback (most recent call last):
  File "/home/karimimonsefi.1/miniconda3/lib/python3.9/site-packages/monai/transforms/transform.py", line 89, in apply_transform
    return _apply_transform(transform, data, unpack_items)
  File "/home/karimimonsefi.1/miniconda3/lib/python3.9/site-packages/monai/transforms/transform.py", line 53, in _apply_transform
    return transform(parameters)
  File "/home/karimimonsefi.1/miniconda3/lib/python3.9/site-packages/monai/transforms/compose.py", line 173, in __call__
    input_ = apply_transform(_transform, input_, self.map_items, self.unpack_items, self.log_stats)
  File "/home/karimimonsefi.1/miniconda3/lib/python3.9/site-packages/monai/transforms/transform.py", line 113, in apply_transform
    raise RuntimeError(f"applying transform {transform}") from e
RuntimeError: applying transform <monai.transforms.croppad.dictionary.SpatialPadd object at 0x146116bdbfa0>

The above exception was the direct cause of the following exception:

Traceback (most recent call last):
  File "/home/karimimonsefi.1/miniconda3/lib/python3.9/site-packages/torch/utils/data/_utils/worker.py", line 302, in _worker_loop
    data = fetcher.fetch(index)
  File "/home/karimimonsefi.1/miniconda3/lib/python3.9/site-packages/torch/utils/data/_utils/fetch.py", line 58, in fetch
    data = [self.dataset[idx] for idx in possibly_batched_index]
  File "/home/karimimonsefi.1/miniconda3/lib/python3.9/site-packages/torch/utils/data/_utils/fetch.py", line 58, in <listcomp>
    data = [self.dataset[idx] for idx in possibly_batched_index]
  File "/home/karimimonsefi.1/miniconda3/lib/python3.9/site-packages/monai/data/dataset.py", line 97, in __getitem__
    return self._transform(index)
  File "/home/karimimonsefi.1/miniconda3/lib/python3.9/site-packages/monai/data/dataset.py", line 83, in _transform
    return apply_transform(self.transform, data_i) if self.transform is not None else data_i
  File "/home/karimimonsefi.1/miniconda3/lib/python3.9/site-packages/monai/transforms/transform.py", line 113, in apply_transform
    raise RuntimeError(f"applying transform {transform}") from e
RuntimeError: applying transform <monai.transforms.compose.Compose object at 0x146116b69700>


