
----------------------------------------------------------------------------
  cuda:
----------------------------------------------------------------------------
     Versions:
        cuda/10.2
        cuda/11.0
        cuda/11.2
        cuda/11.3
        cuda/11.4
        cuda/11.5
        cuda/11.6
        cuda/11.7
        cuda/11.8
        cuda/12.0

----------------------------------------------------------------------------
  For detailed information about a specific "cuda" package (including how to load the modules) use the module's full name.
  Note that names that have a trailing (E) are extensions provided by other modules.
  For example:

     $ module spider cuda/12.0
----------------------------------------------------------------------------

 

/var/spool/slurmd/job60049/slurm_script: line 12: conda: command not found
Collecting absl-py==1.4.0 (from -r ./requirements.txt (line 1))
  Cache entry deserialization failed, entry ignored
  Cache entry deserialization failed, entry ignored
  Downloading https://files.pythonhosted.org/packages/dd/87/de5c32fa1b1c6c3305d576e299801d8655c175ca9557019906247b994331/absl_py-1.4.0-py3-none-any.whl (126kB)
Collecting addict==2.4.0 (from -r ./requirements.txt (line 2))
  Cache entry deserialization failed, entry ignored
  Cache entry deserialization failed, entry ignored
  Downloading https://files.pythonhosted.org/packages/6a/00/b08f23b7d7e1e14ce01419a467b583edbb93c6cdb8654e54a9cc579cd61f/addict-2.4.0-py3-none-any.whl
Collecting anyio==3.6.2 (from -r ./requirements.txt (line 3))
  Cache entry deserialization failed, entry ignored
  Cache entry deserialization failed, entry ignored
  Downloading https://files.pythonhosted.org/packages/77/2b/b4c0b7a3f3d61adb1a1e0b78f90a94e2b6162a043880704b7437ef297cad/anyio-3.6.2-py3-none-any.whl (80kB)
Collecting argon2-cffi==21.3.0 (from -r ./requirements.txt (line 4))
  Cache entry deserialization failed, entry ignored
  Cache entry deserialization failed, entry ignored
  Downloading https://files.pythonhosted.org/packages/a8/07/946d5a9431bae05a776a59746ec385fbb79b526738d25e4202d3e0bbf7f4/argon2_cffi-21.3.0-py3-none-any.whl
Collecting argon2-cffi-bindings==21.2.0 (from -r ./requirements.txt (line 5))
  Cache entry deserialization failed, entry ignored
  Downloading https://files.pythonhosted.org/packages/b9/e9/184b8ccce6683b0aa2fbb7ba5683ea4b9c5763f1356347f1312c32e3c66e/argon2-cffi-bindings-21.2.0.tar.gz (1.8MB)
    Complete output from command python setup.py egg_info:
    Traceback (most recent call last):
      File "<string>", line 1, in <module>
      File "/tmp/pip-build-_24z82jo/argon2-cffi-bindings/setup.py", line 111, in <module>
        cffi_modules=CFFI_MODULES,
      File "/usr/lib/python3.6/site-packages/setuptools/__init__.py", line 129, in setup
        return distutils.core.setup(**attrs)
      File "/usr/lib64/python3.6/distutils/core.py", line 108, in setup
        _setup_distribution = dist = klass(attrs)
      File "/usr/lib/python3.6/site-packages/setuptools/dist.py", line 370, in __init__
        k: v for k, v in attrs.items()
      File "/usr/lib64/python3.6/distutils/dist.py", line 281, in __init__
        self.finalize_options()
      File "/usr/lib/python3.6/site-packages/setuptools/dist.py", line 529, in finalize_options
        ep.load()(self, ep.name, value)
      File "/usr/lib/python3.6/site-packages/pkg_resources/__init__.py", line 2318, in load
        return self.resolve()
      File "/usr/lib/python3.6/site-packages/pkg_resources/__init__.py", line 2324, in resolve
        module = __import__(self.module_name, fromlist=['__name__'], level=0)
      File "/tmp/pip-build-_24z82jo/argon2-cffi-bindings/.eggs/setuptools_scm-7.1.0-py3.6.egg/setuptools_scm/__init__.py", line 5
        from __future__ import annotations
        ^
    SyntaxError: future feature annotations is not defined
    
    ----------------------------------------
Command "python setup.py egg_info" failed with error code 1 in /tmp/pip-build-_24z82jo/argon2-cffi-bindings/
Traceback (most recent call last):
  File "pretrain/main.py", line 4, in <module>
    import numpy as np
ModuleNotFoundError: No module named 'numpy'
